<?xml version="1.0" encoding="UTF-8"?>
<testsuite name="com.example.project.TestTriangleCollection" tests="3" skipped="0" failures="0" errors="0" timestamp="2025-01-07T01:35:22" hostname="codespaces-dd3c86" time="0.098">
  <properties/>
  <testcase name="testShiftTriangles()" classname="com.example.project.TestTriangleCollection" time="0.084"/>
  <testcase name="testTotalPerimeter()" classname="com.example.project.TestTriangleCollection" time="0.003"/>
  <testcase name="testTriangleCollection()" classname="com.example.project.TestTriangleCollection" time="0.002"/>
  <system-out><![CDATA[]]></system-out>
  <system-err><![CDATA[]]></system-err>
</testsuite>
